Using pre-set license

 COMMAND LINE ARGUMENTS:
/Applications/Unity/Hub/Editor/2020.2.2f1/Unity.app/Contents/MacOS/Unity
-adb2
-batchMode
-noUpm
-name
AssetImportWorker0
-projectPath
/Users/nickhwang/GitHub/collab-hub-client/Unity/Collab-Hub Demo
-logFile
Logs/AssetImportWorker0.log
-srvPort
61939
Successfully changed project path to: /Users/nickhwang/GitHub/collab-hub-client/Unity/Collab-Hub Demo
/Users/nickhwang/GitHub/collab-hub-client/Unity/Collab-Hub Demo
Using Asset Import Pipeline V2.
Refreshing native plugins compatible for Editor in 33.99 ms, found 2 plugins.
Preloading 0 native plugins for Editor in 0.00 ms.
Initialize engine version: 2020.2.2f1 (068178b99f32)
[Subsystems] Discovering subsystems at path /Applications/Unity/Hub/Editor/2020.2.2f1/Unity.app/Contents/Resources/UnitySubsystems
[Subsystems] Discovering subsystems at path /Users/nickhwang/GitHub/collab-hub-client/Unity/Collab-Hub Demo/Assets
GfxDevice: creating device client; threaded=0
2021-04-10 17:25:01.609 Unity[22278:4005906] Color LCD preferred device: AMD Radeon Pro 5500M (high power)
2021-04-10 17:25:01.609 Unity[22278:4005906] Metal devices available: 2
2021-04-10 17:25:01.609 Unity[22278:4005906] 0: AMD Radeon Pro 5500M (high power)
2021-04-10 17:25:01.610 Unity[22278:4005906] 1: Intel(R) UHD Graphics 630 (low power)
2021-04-10 17:25:01.610 Unity[22278:4005906] Using device AMD Radeon Pro 5500M (high power)
Initializing Metal device caps: AMD Radeon Pro 5500M
Initialize mono
Mono path[0] = '/Applications/Unity/Hub/Editor/2020.2.2f1/Unity.app/Contents/Managed'
Mono path[1] = '/Applications/Unity/Hub/Editor/2020.2.2f1/Unity.app/Contents/MonoBleedingEdge/lib/mono/unityjit'
Mono config path = '/Applications/Unity/Hub/Editor/2020.2.2f1/Unity.app/Contents/MonoBleedingEdge/etc'
Using monoOptions --debugger-agent=transport=dt_socket,embedding=1,server=y,suspend=n,address=127.0.0.1:56278
Begin MonoManager ReloadAssembly
Registering precompiled unity dll's ...
Register platform support module: /Applications/Unity/Hub/Editor/2020.2.2f1/PlaybackEngines/WebGLSupport/UnityEditor.WebGL.Extensions.dll
Register platform support module: /Applications/Unity/Hub/Editor/2020.2.2f1/Unity.app/Contents/PlaybackEngines/MacStandaloneSupport/UnityEditor.OSXStandalone.Extensions.dll
Register platform support module: /Applications/Unity/Hub/Editor/2020.2.2f1/PlaybackEngines/WindowsStandaloneSupport/UnityEditor.WindowsStandalone.Extensions.dll
Registered in 0.000841 seconds.
Native extension for WindowsStandalone target not found
Native extension for OSXStandalone target not found
Native extension for WebGL target not found
Refreshing native plugins compatible for Editor in 30.36 ms, found 2 plugins.
Preloading 0 native plugins for Editor in 0.00 ms.
Invoked RoslynAnalysisRunner static constructor.
RoslynAnalysisRunner will not be running.
RoslynAnalysisRunner has terminated.
Mono: successfully reloaded assembly
- Completed reload, in  3.099 seconds
Platform modules already initialized, skipping
Registering precompiled user dll's ...
Registered in 0.000411 seconds.
Begin MonoManager ReloadAssembly
Native extension for WindowsStandalone target not found
Native extension for OSXStandalone target not found
Native extension for WebGL target not found
Refreshing native plugins compatible for Editor in 30.54 ms, found 2 plugins.
Preloading 0 native plugins for Editor in 0.00 ms.
Invoked RoslynAnalysisRunner static constructor.
RoslynAnalysisRunner will not be running.
RoslynAnalysisRunner has terminated.
Mono: successfully reloaded assembly
- Completed reload, in  1.065 seconds
Platform modules already initialized, skipping
========================================================================
Worker process is ready to serve import requests
Launching external process: /Applications/Unity/Hub/Editor/2020.2.2f1/Unity.app/Contents/Tools/UnityShaderCompiler
Launched and connected shader compiler UnityShaderCompiler after 0.01 seconds
Refreshing native plugins compatible for Editor in 0.30 ms, found 2 plugins.
Preloading 0 native plugins for Editor in 0.00 ms.
Unloading 1793 Unused Serialized files (Serialized files now loaded: 0)
System memory in use before: 149.1 MB.
System memory in use after: 149.1 MB.

Unloading 24 unused Assets to reduce memory usage. Loaded Objects now: 2235.
Total: 3.147150 ms (FindLiveObjects: 0.192263 ms CreateObjectMapping: 0.119886 ms MarkObjects: 2.622888 ms  DeleteObjects: 0.211195 ms)

========================================================================
Received Import Request.
  path: Assets/SocketIoWithWsClient.cs
  artifactKey: Guid(ca56d8aca686e4b249ac2842a54556bd) Importer(815301076,1909f56bfc062723c751e8b465ee728b)
Start importing Assets/SocketIoWithWsClient.cs using Guid(ca56d8aca686e4b249ac2842a54556bd) Importer(815301076,1909f56bfc062723c751e8b465ee728b)  -> (artifact id: '033e63fc084ba99006bb91f846360fa1') in 0.241795 seconds
  Import took 0.244701 seconds .

========================================================================
Received Prepare
Registering precompiled user dll's ...
Registered in 0.000584 seconds.
Begin MonoManager ReloadAssembly
Native extension for WindowsStandalone target not found
Native extension for OSXStandalone target not found
Native extension for WebGL target not found
Refreshing native plugins compatible for Editor in 0.30 ms, found 2 plugins.
Preloading 0 native plugins for Editor in 0.00 ms.
Invoked RoslynAnalysisRunner static constructor.
RoslynAnalysisRunner will not be running.
RoslynAnalysisRunner has terminated.
Mono: successfully reloaded assembly
- Completed reload, in  0.834 seconds
Platform modules already initialized, skipping
Refreshing native plugins compatible for Editor in 0.22 ms, found 2 plugins.
Preloading 0 native plugins for Editor in 0.00 ms.
Unloading 1868 Unused Serialized files (Serialized files now loaded: 0)
System memory in use before: 156.7 MB.
System memory in use after: 156.7 MB.

Unloading 13 unused Assets to reduce memory usage. Loaded Objects now: 2318.
Total: 2.014133 ms (FindLiveObjects: 0.221952 ms CreateObjectMapping: 0.079816 ms MarkObjects: 1.611751 ms  DeleteObjects: 0.099545 ms)

========================================================================
Received Import Request.
  Time since last request: 411.043557 seconds.
  path: Assets/unity-socket.io-DEPRECATED-master/SocketIO/Scripts/SocketIO
  artifactKey: Guid(0c129397f9647414c98ecb454b6c9b61) Importer(815301076,1909f56bfc062723c751e8b465ee728b)
Start importing Assets/unity-socket.io-DEPRECATED-master/SocketIO/Scripts/SocketIO using Guid(0c129397f9647414c98ecb454b6c9b61) Importer(815301076,1909f56bfc062723c751e8b465ee728b)  -> (artifact id: 'e506fa34c016d33565e424f85068c18d') in 0.003202 seconds
  Import took 0.005741 seconds .

========================================================================
Received Import Request.
  Time since last request: 0.010117 seconds.
  path: Assets/unity-socket.io-DEPRECATED-master/SocketIO/Scripts/SocketIO
  artifactKey: Guid(0c129397f9647414c98ecb454b6c9b61) Importer(815301076,1909f56bfc062723c751e8b465ee728b)
Start importing Assets/unity-socket.io-DEPRECATED-master/SocketIO/Scripts/SocketIO using Guid(0c129397f9647414c98ecb454b6c9b61) Importer(815301076,1909f56bfc062723c751e8b465ee728b)  -> (artifact id: 'e506fa34c016d33565e424f85068c18d') in 0.000765 seconds
  Import took 0.003271 seconds .

========================================================================
Received Prepare
Registering precompiled user dll's ...
Registered in 0.000530 seconds.
Begin MonoManager ReloadAssembly
Native extension for WindowsStandalone target not found
Native extension for OSXStandalone target not found
Native extension for WebGL target not found
Refreshing native plugins compatible for Editor in 0.31 ms, found 2 plugins.
Preloading 0 native plugins for Editor in 0.00 ms.
Invoked RoslynAnalysisRunner static constructor.
RoslynAnalysisRunner will not be running.
RoslynAnalysisRunner has terminated.
Mono: successfully reloaded assembly
- Completed reload, in  0.938 seconds
Platform modules already initialized, skipping
Refreshing native plugins compatible for Editor in 0.30 ms, found 2 plugins.
Preloading 0 native plugins for Editor in 0.00 ms.
Unloading 1868 Unused Serialized files (Serialized files now loaded: 0)
System memory in use before: 157.0 MB.
System memory in use after: 157.0 MB.

Unloading 12 unused Assets to reduce memory usage. Loaded Objects now: 2321.
Total: 1.740960 ms (FindLiveObjects: 0.168213 ms CreateObjectMapping: 0.055585 ms MarkObjects: 1.443298 ms  DeleteObjects: 0.073074 ms)

========================================================================
Received Prepare
Registering precompiled user dll's ...
Registered in 0.000487 seconds.
Begin MonoManager ReloadAssembly
Native extension for WindowsStandalone target not found
Native extension for OSXStandalone target not found
Native extension for WebGL target not found
Refreshing native plugins compatible for Editor in 0.33 ms, found 2 plugins.
Preloading 0 native plugins for Editor in 0.00 ms.
Invoked RoslynAnalysisRunner static constructor.
RoslynAnalysisRunner will not be running.
RoslynAnalysisRunner has terminated.
Mono: successfully reloaded assembly
- Completed reload, in  0.774 seconds
Platform modules already initialized, skipping
Refreshing native plugins compatible for Editor in 0.24 ms, found 2 plugins.
Preloading 0 native plugins for Editor in 0.00 ms.
Unloading 1868 Unused Serialized files (Serialized files now loaded: 0)
System memory in use before: 157.4 MB.
System memory in use after: 157.4 MB.

Unloading 12 unused Assets to reduce memory usage. Loaded Objects now: 2324.
Total: 1.658757 ms (FindLiveObjects: 0.285385 ms CreateObjectMapping: 0.046855 ms MarkObjects: 1.258666 ms  DeleteObjects: 0.067190 ms)

========================================================================
Received Prepare
Registering precompiled user dll's ...
Registered in 0.000579 seconds.
Begin MonoManager ReloadAssembly
Native extension for WindowsStandalone target not found
Native extension for OSXStandalone target not found
Native extension for WebGL target not found
Refreshing native plugins compatible for Editor in 0.30 ms, found 2 plugins.
Preloading 0 native plugins for Editor in 0.00 ms.
Invoked RoslynAnalysisRunner static constructor.
RoslynAnalysisRunner will not be running.
RoslynAnalysisRunner has terminated.
Mono: successfully reloaded assembly
- Completed reload, in  0.846 seconds
Platform modules already initialized, skipping
Refreshing native plugins compatible for Editor in 0.35 ms, found 2 plugins.
Preloading 0 native plugins for Editor in 0.00 ms.
Unloading 1868 Unused Serialized files (Serialized files now loaded: 0)
System memory in use before: 157.7 MB.
System memory in use after: 157.7 MB.

Unloading 12 unused Assets to reduce memory usage. Loaded Objects now: 2327.
Total: 1.837068 ms (FindLiveObjects: 0.168710 ms CreateObjectMapping: 0.061173 ms MarkObjects: 1.514301 ms  DeleteObjects: 0.091861 ms)

========================================================================
Received Import Request.
  Time since last request: 169.637757 seconds.
  path: Assets/nh_network.cs
  artifactKey: Guid(90a772fbd8fbb4bd1833cbf69f0d793a) Importer(815301076,1909f56bfc062723c751e8b465ee728b)
Start importing Assets/nh_network.cs using Guid(90a772fbd8fbb4bd1833cbf69f0d793a) Importer(815301076,1909f56bfc062723c751e8b465ee728b)  -> (artifact id: '00861a2e3912561bc65e1afa04a56f46') in 0.004750 seconds
  Import took 0.008063 seconds .

========================================================================
Received Import Request.
  Time since last request: 0.000753 seconds.
  path: Assets/nh_network.cs
  artifactKey: Guid(90a772fbd8fbb4bd1833cbf69f0d793a) Importer(815301076,1909f56bfc062723c751e8b465ee728b)
Start importing Assets/nh_network.cs using Guid(90a772fbd8fbb4bd1833cbf69f0d793a) Importer(815301076,1909f56bfc062723c751e8b465ee728b)  -> (artifact id: '00861a2e3912561bc65e1afa04a56f46') in 0.001205 seconds
  Import took 0.003499 seconds .

========================================================================
Received Import Request.
  Time since last request: 18.159955 seconds.
  path: Assets/nh_network.cs
  artifactKey: Guid(90a772fbd8fbb4bd1833cbf69f0d793a) Importer(815301076,1909f56bfc062723c751e8b465ee728b)
Start importing Assets/nh_network.cs using Guid(90a772fbd8fbb4bd1833cbf69f0d793a) Importer(815301076,1909f56bfc062723c751e8b465ee728b)  -> (artifact id: '67f0d01cfbc345efee6aecf580ada66e') in 0.001361 seconds
  Import took 0.004554 seconds .

========================================================================
Received Import Request.
  Time since last request: 0.001932 seconds.
  path: Assets/nh_network.cs
  artifactKey: Guid(90a772fbd8fbb4bd1833cbf69f0d793a) Importer(815301076,1909f56bfc062723c751e8b465ee728b)
Start importing Assets/nh_network.cs using Guid(90a772fbd8fbb4bd1833cbf69f0d793a) Importer(815301076,1909f56bfc062723c751e8b465ee728b)  -> (artifact id: '67f0d01cfbc345efee6aecf580ada66e') in 0.001300 seconds
  Import took 0.004105 seconds .

========================================================================
Received Import Request.
  Time since last request: 13.566536 seconds.
  path: Assets/unity-socket.io-DEPRECATED-master/SocketIO/Prefabs/SocketIO.prefab
  artifactKey: Guid(b30cc084d923f0645b55bba668610d48) Importer(815301076,1909f56bfc062723c751e8b465ee728b)
Start importing Assets/unity-socket.io-DEPRECATED-master/SocketIO/Prefabs/SocketIO.prefab using Guid(b30cc084d923f0645b55bba668610d48) Importer(815301076,1909f56bfc062723c751e8b465ee728b)  -> (artifact id: '05de8b66fdc3dfb213c8d3acd88cb4fd') in 0.300673 seconds
  Import took 0.304090 seconds .

========================================================================
Received Import Request.
  Time since last request: 3.862080 seconds.
  path: Assets/unity-socket.io-DEPRECATED-master/SocketIO/Scripts/SocketIO/SocketIOEvent.cs
  artifactKey: Guid(1318072092ea698488b463bebb2848ac) Importer(815301076,1909f56bfc062723c751e8b465ee728b)
Start importing Assets/unity-socket.io-DEPRECATED-master/SocketIO/Scripts/SocketIO/SocketIOEvent.cs using Guid(1318072092ea698488b463bebb2848ac) Importer(815301076,1909f56bfc062723c751e8b465ee728b)  -> (artifact id: '34f8521d31f48fc0b002aa3a2aaf375a') in 0.001434 seconds
  Import took 0.004080 seconds .

========================================================================
Received Import Request.
  Time since last request: 0.000363 seconds.
  path: Assets/unity-socket.io-DEPRECATED-master/SocketIO/Scripts/SocketIO/SocketIOEvent.cs
  artifactKey: Guid(1318072092ea698488b463bebb2848ac) Importer(815301076,1909f56bfc062723c751e8b465ee728b)
Start importing Assets/unity-socket.io-DEPRECATED-master/SocketIO/Scripts/SocketIO/SocketIOEvent.cs using Guid(1318072092ea698488b463bebb2848ac) Importer(815301076,1909f56bfc062723c751e8b465ee728b)  -> (artifact id: '34f8521d31f48fc0b002aa3a2aaf375a') in 0.001161 seconds
  Import took 0.003311 seconds .

========================================================================
Received Import Request.
  Time since last request: 37.374986 seconds.
  path: Assets/nh_network.cs
  artifactKey: Guid(90a772fbd8fbb4bd1833cbf69f0d793a) Importer(815301076,1909f56bfc062723c751e8b465ee728b)
Start importing Assets/nh_network.cs using Guid(90a772fbd8fbb4bd1833cbf69f0d793a) Importer(815301076,1909f56bfc062723c751e8b465ee728b)  -> (artifact id: '24ee3a3c9dc97da53ec2fc71b56b68e6') in 0.001704 seconds
  Import took 0.004989 seconds .

========================================================================
Received Import Request.
  Time since last request: 0.002588 seconds.
  path: Assets/nh_network.cs
  artifactKey: Guid(90a772fbd8fbb4bd1833cbf69f0d793a) Importer(815301076,1909f56bfc062723c751e8b465ee728b)
Start importing Assets/nh_network.cs using Guid(90a772fbd8fbb4bd1833cbf69f0d793a) Importer(815301076,1909f56bfc062723c751e8b465ee728b)  -> (artifact id: '24ee3a3c9dc97da53ec2fc71b56b68e6') in 0.001293 seconds
  Import took 0.004063 seconds .

========================================================================
Received Prepare
Registering precompiled user dll's ...
Registered in 0.000833 seconds.
Begin MonoManager ReloadAssembly
Native extension for WindowsStandalone target not found
Native extension for OSXStandalone target not found
Native extension for WebGL target not found
Refreshing native plugins compatible for Editor in 0.38 ms, found 2 plugins.
Preloading 0 native plugins for Editor in 0.00 ms.
Invoked RoslynAnalysisRunner static constructor.
RoslynAnalysisRunner will not be running.
RoslynAnalysisRunner has terminated.
Mono: successfully reloaded assembly
- Completed reload, in  0.832 seconds
Platform modules already initialized, skipping
Refreshing native plugins compatible for Editor in 0.29 ms, found 2 plugins.
Preloading 0 native plugins for Editor in 0.00 ms.
Unloading 1896 Unused Serialized files (Serialized files now loaded: 0)
System memory in use before: 163.2 MB.
System memory in use after: 163.2 MB.

Unloading 12 unused Assets to reduce memory usage. Loaded Objects now: 2358.
Total: 1.718143 ms (FindLiveObjects: 0.301206 ms CreateObjectMapping: 0.056140 ms MarkObjects: 1.280735 ms  DeleteObjects: 0.079253 ms)

========================================================================
Received Import Request.
  Time since last request: 83.915853 seconds.
  path: Assets/Scripts
  artifactKey: Guid(4019f2bcb5d14fd42bbabecc75a338f3) Importer(815301076,1909f56bfc062723c751e8b465ee728b)
Start importing Assets/Scripts using Guid(4019f2bcb5d14fd42bbabecc75a338f3) Importer(815301076,1909f56bfc062723c751e8b465ee728b)  -> (artifact id: '082a3a199740fb47e410d7270b3a8203') in 0.003467 seconds
  Import took 0.007305 seconds .

========================================================================
Received Import Request.
  Time since last request: 0.061061 seconds.
  path: Assets/Scripts/Circle Image.png
  artifactKey: Guid(981453f11b76145f3a665a034e7811ef) Importer(815301076,1909f56bfc062723c751e8b465ee728b)
Start importing Assets/Scripts/Circle Image.png using Guid(981453f11b76145f3a665a034e7811ef) Importer(815301076,1909f56bfc062723c751e8b465ee728b)  -> (artifact id: 'faef53b19684aaf4a8c083b8dbca6f94') in 0.420766 seconds
  Import took 0.425820 seconds .

========================================================================
Received Import Request.
  Time since last request: 0.000180 seconds.
  path: Assets/Scripts/Circle.png
  artifactKey: Guid(40f6d8afc4a13435085df6d01af84d36) Importer(815301076,1909f56bfc062723c751e8b465ee728b)
Start importing Assets/Scripts/Circle.png using Guid(40f6d8afc4a13435085df6d01af84d36) Importer(815301076,1909f56bfc062723c751e8b465ee728b)  -> (artifact id: '780ed1a75a35281238874d6b2b246ff0') in 0.009184 seconds
  Import took 0.012498 seconds .

========================================================================
Received Prepare
Registering precompiled user dll's ...
Registered in 0.000576 seconds.
Begin MonoManager ReloadAssembly
Native extension for WindowsStandalone target not found
Native extension for OSXStandalone target not found
Native extension for WebGL target not found
Refreshing native plugins compatible for Editor in 0.35 ms, found 2 plugins.
Preloading 0 native plugins for Editor in 0.00 ms.
Invoked RoslynAnalysisRunner static constructor.
RoslynAnalysisRunner will not be running.
RoslynAnalysisRunner has terminated.
Mono: successfully reloaded assembly
- Completed reload, in  0.933 seconds
Platform modules already initialized, skipping
Refreshing native plugins compatible for Editor in 0.33 ms, found 2 plugins.
Preloading 0 native plugins for Editor in 0.00 ms.
Unloading 1896 Unused Serialized files (Serialized files now loaded: 0)
System memory in use before: 171.2 MB.
System memory in use after: 171.2 MB.

Unloading 12 unused Assets to reduce memory usage. Loaded Objects now: 2369.
Total: 2.059515 ms (FindLiveObjects: 0.190432 ms CreateObjectMapping: 0.066912 ms MarkObjects: 1.710938 ms  DeleteObjects: 0.089443 ms)

========================================================================
Received Prepare
Registering precompiled user dll's ...
Registered in 0.000514 seconds.
Begin MonoManager ReloadAssembly
Native extension for WindowsStandalone target not found
Native extension for OSXStandalone target not found
Native extension for WebGL target not found
Refreshing native plugins compatible for Editor in 0.30 ms, found 2 plugins.
Preloading 0 native plugins for Editor in 0.00 ms.
Invoked RoslynAnalysisRunner static constructor.
RoslynAnalysisRunner will not be running.
RoslynAnalysisRunner has terminated.
Mono: successfully reloaded assembly
- Completed reload, in  0.838 seconds
Platform modules already initialized, skipping
Refreshing native plugins compatible for Editor in 0.22 ms, found 2 plugins.
Preloading 0 native plugins for Editor in 0.00 ms.
Unloading 1896 Unused Serialized files (Serialized files now loaded: 0)
System memory in use before: 171.6 MB.
System memory in use after: 171.6 MB.

Unloading 12 unused Assets to reduce memory usage. Loaded Objects now: 2372.
Total: 1.929857 ms (FindLiveObjects: 0.210272 ms CreateObjectMapping: 0.067822 ms MarkObjects: 1.546986 ms  DeleteObjects: 0.103627 ms)

========================================================================
Received Prepare
Registering precompiled user dll's ...
Registered in 0.000393 seconds.
Begin MonoManager ReloadAssembly
Native extension for WindowsStandalone target not found
Native extension for OSXStandalone target not found
Native extension for WebGL target not found
Refreshing native plugins compatible for Editor in 0.31 ms, found 2 plugins.
Preloading 0 native plugins for Editor in 0.00 ms.
Invoked RoslynAnalysisRunner static constructor.
RoslynAnalysisRunner will not be running.
RoslynAnalysisRunner has terminated.
Mono: successfully reloaded assembly
- Completed reload, in  0.817 seconds
Platform modules already initialized, skipping
Refreshing native plugins compatible for Editor in 0.22 ms, found 2 plugins.
Preloading 0 native plugins for Editor in 0.00 ms.
Unloading 1896 Unused Serialized files (Serialized files now loaded: 0)
System memory in use before: 172.0 MB.
System memory in use after: 172.0 MB.

Unloading 12 unused Assets to reduce memory usage. Loaded Objects now: 2375.
Total: 1.935238 ms (FindLiveObjects: 0.214980 ms CreateObjectMapping: 0.069050 ms MarkObjects: 1.554318 ms  DeleteObjects: 0.095709 ms)

========================================================================
Received Prepare
Registering precompiled user dll's ...
Registered in 0.000557 seconds.
Begin MonoManager ReloadAssembly
Native extension for WindowsStandalone target not found
Native extension for OSXStandalone target not found
Native extension for WebGL target not found
Refreshing native plugins compatible for Editor in 0.30 ms, found 2 plugins.
Preloading 0 native plugins for Editor in 0.00 ms.
Invoked RoslynAnalysisRunner static constructor.
RoslynAnalysisRunner will not be running.
RoslynAnalysisRunner has terminated.
Mono: successfully reloaded assembly
- Completed reload, in  0.824 seconds
Platform modules already initialized, skipping
Refreshing native plugins compatible for Editor in 0.22 ms, found 2 plugins.
Preloading 0 native plugins for Editor in 0.00 ms.
Unloading 1896 Unused Serialized files (Serialized files now loaded: 0)
System memory in use before: 172.3 MB.
System memory in use after: 172.3 MB.

Unloading 12 unused Assets to reduce memory usage. Loaded Objects now: 2378.
Total: 1.800209 ms (FindLiveObjects: 0.232549 ms CreateObjectMapping: 0.077836 ms MarkObjects: 1.391525 ms  DeleteObjects: 0.096988 ms)

========================================================================
Received Prepare
Registering precompiled user dll's ...
Registered in 0.000498 seconds.
Begin MonoManager ReloadAssembly
Native extension for WindowsStandalone target not found
Native extension for OSXStandalone target not found
Native extension for WebGL target not found
Refreshing native plugins compatible for Editor in 0.32 ms, found 2 plugins.
Preloading 0 native plugins for Editor in 0.00 ms.
Invoked RoslynAnalysisRunner static constructor.
RoslynAnalysisRunner will not be running.
RoslynAnalysisRunner has terminated.
Mono: successfully reloaded assembly
- Completed reload, in  0.861 seconds
Platform modules already initialized, skipping
Refreshing native plugins compatible for Editor in 0.21 ms, found 2 plugins.
Preloading 0 native plugins for Editor in 0.00 ms.
Unloading 1896 Unused Serialized files (Serialized files now loaded: 0)
System memory in use before: 172.7 MB.
System memory in use after: 172.7 MB.

Unloading 12 unused Assets to reduce memory usage. Loaded Objects now: 2381.
Total: 2.040854 ms (FindLiveObjects: 0.216627 ms CreateObjectMapping: 0.073095 ms MarkObjects: 1.640390 ms  DeleteObjects: 0.109605 ms)

========================================================================
Received Prepare
Registering precompiled user dll's ...
Registered in 0.000425 seconds.
Begin MonoManager ReloadAssembly
Native extension for WindowsStandalone target not found
Native extension for OSXStandalone target not found
Native extension for WebGL target not found
Refreshing native plugins compatible for Editor in 0.34 ms, found 2 plugins.
Preloading 0 native plugins for Editor in 0.00 ms.
Invoked RoslynAnalysisRunner static constructor.
RoslynAnalysisRunner will not be running.
RoslynAnalysisRunner has terminated.
Mono: successfully reloaded assembly
- Completed reload, in  0.786 seconds
Platform modules already initialized, skipping
Refreshing native plugins compatible for Editor in 0.25 ms, found 2 plugins.
Preloading 0 native plugins for Editor in 0.00 ms.
Unloading 1896 Unused Serialized files (Serialized files now loaded: 0)
System memory in use before: 173.0 MB.
System memory in use after: 173.0 MB.

Unloading 12 unused Assets to reduce memory usage. Loaded Objects now: 2384.
Total: 1.795925 ms (FindLiveObjects: 0.196615 ms CreateObjectMapping: 0.060582 ms MarkObjects: 1.438905 ms  DeleteObjects: 0.098675 ms)

========================================================================
Received Prepare
Registering precompiled user dll's ...
Registered in 0.000457 seconds.
Begin MonoManager ReloadAssembly
Native extension for WindowsStandalone target not found
Native extension for OSXStandalone target not found
Native extension for WebGL target not found
Refreshing native plugins compatible for Editor in 0.31 ms, found 2 plugins.
Preloading 0 native plugins for Editor in 0.00 ms.
Invoked RoslynAnalysisRunner static constructor.
RoslynAnalysisRunner will not be running.
RoslynAnalysisRunner has terminated.
Mono: successfully reloaded assembly
- Completed reload, in  0.849 seconds
Platform modules already initialized, skipping
Refreshing native plugins compatible for Editor in 0.28 ms, found 2 plugins.
Preloading 0 native plugins for Editor in 0.00 ms.
Unloading 1896 Unused Serialized files (Serialized files now loaded: 0)
System memory in use before: 173.4 MB.
System memory in use after: 173.4 MB.

Unloading 12 unused Assets to reduce memory usage. Loaded Objects now: 2387.
Total: 1.704589 ms (FindLiveObjects: 0.179727 ms CreateObjectMapping: 0.057976 ms MarkObjects: 1.383258 ms  DeleteObjects: 0.082877 ms)

========================================================================
Received Prepare
Registering precompiled user dll's ...
Registered in 0.000585 seconds.
Begin MonoManager ReloadAssembly
Native extension for WindowsStandalone target not found
Native extension for OSXStandalone target not found
Native extension for WebGL target not found
Refreshing native plugins compatible for Editor in 0.30 ms, found 2 plugins.
Preloading 0 native plugins for Editor in 0.00 ms.
Invoked RoslynAnalysisRunner static constructor.
RoslynAnalysisRunner will not be running.
RoslynAnalysisRunner has terminated.
Mono: successfully reloaded assembly
- Completed reload, in  0.861 seconds
Platform modules already initialized, skipping
Refreshing native plugins compatible for Editor in 0.29 ms, found 2 plugins.
Preloading 0 native plugins for Editor in 0.00 ms.
Unloading 1896 Unused Serialized files (Serialized files now loaded: 0)
System memory in use before: 172.7 MB.
System memory in use after: 172.7 MB.

Unloading 12 unused Assets to reduce memory usage. Loaded Objects now: 2390.
Total: 1.741420 ms (FindLiveObjects: 0.193381 ms CreateObjectMapping: 0.062953 ms MarkObjects: 1.399625 ms  DeleteObjects: 0.084601 ms)

========================================================================
Received Prepare
Registering precompiled user dll's ...
Registered in 0.000422 seconds.
Begin MonoManager ReloadAssembly
Native extension for WindowsStandalone target not found
Native extension for OSXStandalone target not found
Native extension for WebGL target not found
Refreshing native plugins compatible for Editor in 0.31 ms, found 2 plugins.
Preloading 0 native plugins for Editor in 0.00 ms.
Invoked RoslynAnalysisRunner static constructor.
RoslynAnalysisRunner will not be running.
RoslynAnalysisRunner has terminated.
Mono: successfully reloaded assembly
- Completed reload, in  0.845 seconds
Platform modules already initialized, skipping
Refreshing native plugins compatible for Editor in 0.23 ms, found 2 plugins.
Preloading 0 native plugins for Editor in 0.00 ms.
Unloading 1896 Unused Serialized files (Serialized files now loaded: 0)
System memory in use before: 173.1 MB.
System memory in use after: 173.1 MB.

Unloading 12 unused Assets to reduce memory usage. Loaded Objects now: 2393.
Total: 1.746399 ms (FindLiveObjects: 0.210855 ms CreateObjectMapping: 0.068124 ms MarkObjects: 1.369974 ms  DeleteObjects: 0.096443 ms)

========================================================================
Received Prepare
Registering precompiled user dll's ...
Registered in 0.000434 seconds.
Begin MonoManager ReloadAssembly
Native extension for WindowsStandalone target not found
Native extension for OSXStandalone target not found
Native extension for WebGL target not found
Refreshing native plugins compatible for Editor in 0.31 ms, found 2 plugins.
Preloading 0 native plugins for Editor in 0.00 ms.
Invoked RoslynAnalysisRunner static constructor.
RoslynAnalysisRunner will not be running.
RoslynAnalysisRunner has terminated.
Mono: successfully reloaded assembly
- Completed reload, in  0.830 seconds
Platform modules already initialized, skipping
Refreshing native plugins compatible for Editor in 0.24 ms, found 2 plugins.
Preloading 0 native plugins for Editor in 0.00 ms.
Unloading 1896 Unused Serialized files (Serialized files now loaded: 0)
System memory in use before: 173.4 MB.
System memory in use after: 173.4 MB.

Unloading 12 unused Assets to reduce memory usage. Loaded Objects now: 2396.
Total: 1.816727 ms (FindLiveObjects: 0.203141 ms CreateObjectMapping: 0.062176 ms MarkObjects: 1.451744 ms  DeleteObjects: 0.098085 ms)

========================================================================
Received Prepare
Registering precompiled user dll's ...
Registered in 0.000467 seconds.
Begin MonoManager ReloadAssembly
Native extension for WindowsStandalone target not found
Native extension for OSXStandalone target not found
Native extension for WebGL target not found
Refreshing native plugins compatible for Editor in 0.33 ms, found 2 plugins.
Preloading 0 native plugins for Editor in 0.00 ms.
Invoked RoslynAnalysisRunner static constructor.
RoslynAnalysisRunner will not be running.
RoslynAnalysisRunner has terminated.
Mono: successfully reloaded assembly
- Completed reload, in  0.789 seconds
Platform modules already initialized, skipping
Refreshing native plugins compatible for Editor in 0.26 ms, found 2 plugins.
Preloading 0 native plugins for Editor in 0.00 ms.
Unloading 1896 Unused Serialized files (Serialized files now loaded: 0)
System memory in use before: 173.7 MB.
System memory in use after: 173.8 MB.

Unloading 12 unused Assets to reduce memory usage. Loaded Objects now: 2399.
Total: 1.703390 ms (FindLiveObjects: 0.283735 ms CreateObjectMapping: 0.055192 ms MarkObjects: 1.291378 ms  DeleteObjects: 0.072326 ms)

========================================================================
Received Prepare
Registering precompiled user dll's ...
Registered in 0.000513 seconds.
Begin MonoManager ReloadAssembly
Native extension for WindowsStandalone target not found
Native extension for OSXStandalone target not found
Native extension for WebGL target not found
Refreshing native plugins compatible for Editor in 0.29 ms, found 2 plugins.
Preloading 0 native plugins for Editor in 0.00 ms.
Invoked RoslynAnalysisRunner static constructor.
RoslynAnalysisRunner will not be running.
RoslynAnalysisRunner has terminated.
Mono: successfully reloaded assembly
- Completed reload, in  0.809 seconds
Platform modules already initialized, skipping
Refreshing native plugins compatible for Editor in 0.21 ms, found 2 plugins.
Preloading 0 native plugins for Editor in 0.00 ms.
Unloading 1896 Unused Serialized files (Serialized files now loaded: 0)
System memory in use before: 174.1 MB.
System memory in use after: 174.1 MB.

Unloading 12 unused Assets to reduce memory usage. Loaded Objects now: 2402.
Total: 1.829766 ms (FindLiveObjects: 0.215029 ms CreateObjectMapping: 0.062760 ms MarkObjects: 1.452735 ms  DeleteObjects: 0.098204 ms)

