Using pre-set license

 COMMAND LINE ARGUMENTS:
/Applications/Unity/Hub/Editor/2020.2.2f1/Unity.app/Contents/MacOS/Unity
-adb2
-batchMode
-noUpm
-name
AssetImportWorker0
-projectPath
/Users/nickhwang/GitHub/collab-hub-client/Unity/Collab-Hub Demo
-logFile
Logs/AssetImportWorker0.log
-srvPort
55153
Successfully changed project path to: /Users/nickhwang/GitHub/collab-hub-client/Unity/Collab-Hub Demo
/Users/nickhwang/GitHub/collab-hub-client/Unity/Collab-Hub Demo
Using Asset Import Pipeline V2.
Refreshing native plugins compatible for Editor in 35.71 ms, found 2 plugins.
Preloading 0 native plugins for Editor in 0.00 ms.
Initialize engine version: 2020.2.2f1 (068178b99f32)
[Subsystems] Discovering subsystems at path /Applications/Unity/Hub/Editor/2020.2.2f1/Unity.app/Contents/Resources/UnitySubsystems
[Subsystems] Discovering subsystems at path /Users/nickhwang/GitHub/collab-hub-client/Unity/Collab-Hub Demo/Assets
GfxDevice: creating device client; threaded=0
2021-04-10 20:35:54.747 Unity[24485:4169544] BenQ RL2455 preferred device: AMD Radeon Pro 5500M (high power)
2021-04-10 20:35:54.747 Unity[24485:4169544] Metal devices available: 2
2021-04-10 20:35:54.747 Unity[24485:4169544] 0: AMD Radeon Pro 5500M (high power)
2021-04-10 20:35:54.747 Unity[24485:4169544] 1: Intel(R) UHD Graphics 630 (low power)
2021-04-10 20:35:54.748 Unity[24485:4169544] Using device AMD Radeon Pro 5500M (high power)
Initializing Metal device caps: AMD Radeon Pro 5500M
Initialize mono
Mono path[0] = '/Applications/Unity/Hub/Editor/2020.2.2f1/Unity.app/Contents/Managed'
Mono path[1] = '/Applications/Unity/Hub/Editor/2020.2.2f1/Unity.app/Contents/MonoBleedingEdge/lib/mono/unityjit'
Mono config path = '/Applications/Unity/Hub/Editor/2020.2.2f1/Unity.app/Contents/MonoBleedingEdge/etc'
Using monoOptions --debugger-agent=transport=dt_socket,embedding=1,server=y,suspend=n,address=127.0.0.1:56485
Begin MonoManager ReloadAssembly
Registering precompiled unity dll's ...
Register platform support module: /Applications/Unity/Hub/Editor/2020.2.2f1/PlaybackEngines/WebGLSupport/UnityEditor.WebGL.Extensions.dll
Register platform support module: /Applications/Unity/Hub/Editor/2020.2.2f1/Unity.app/Contents/PlaybackEngines/MacStandaloneSupport/UnityEditor.OSXStandalone.Extensions.dll
Register platform support module: /Applications/Unity/Hub/Editor/2020.2.2f1/PlaybackEngines/WindowsStandaloneSupport/UnityEditor.WindowsStandalone.Extensions.dll
Registered in 0.000926 seconds.
Native extension for WindowsStandalone target not found
Native extension for OSXStandalone target not found
Native extension for WebGL target not found
Refreshing native plugins compatible for Editor in 36.45 ms, found 2 plugins.
Preloading 0 native plugins for Editor in 0.00 ms.
Invoked RoslynAnalysisRunner static constructor.
RoslynAnalysisRunner will not be running.
RoslynAnalysisRunner has terminated.
Mono: successfully reloaded assembly
- Completed reload, in  5.423 seconds
Platform modules already initialized, skipping
Registering precompiled user dll's ...
Registered in 0.000589 seconds.
Begin MonoManager ReloadAssembly
Native extension for WindowsStandalone target not found
Native extension for OSXStandalone target not found
Native extension for WebGL target not found
Refreshing native plugins compatible for Editor in 34.85 ms, found 2 plugins.
Preloading 0 native plugins for Editor in 0.00 ms.
Invoked RoslynAnalysisRunner static constructor.
RoslynAnalysisRunner will not be running.
RoslynAnalysisRunner has terminated.
Mono: successfully reloaded assembly
- Completed reload, in  1.111 seconds
Platform modules already initialized, skipping
========================================================================
Worker process is ready to serve import requests
Launching external process: /Applications/Unity/Hub/Editor/2020.2.2f1/Unity.app/Contents/Tools/UnityShaderCompiler
Launched and connected shader compiler UnityShaderCompiler after 0.01 seconds
Refreshing native plugins compatible for Editor in 0.39 ms, found 2 plugins.
Preloading 0 native plugins for Editor in 0.00 ms.
Unloading 1902 Unused Serialized files (Serialized files now loaded: 0)
System memory in use before: 153.1 MB.
System memory in use after: 153.1 MB.

Unloading 24 unused Assets to reduce memory usage. Loaded Objects now: 2344.
Total: 2.706697 ms (FindLiveObjects: 0.275454 ms CreateObjectMapping: 0.100334 ms MarkObjects: 2.171085 ms  DeleteObjects: 0.158641 ms)

========================================================================
Received Import Request.
  path: Assets/Scripts/nh_network.cs
  artifactKey: Guid(4d88fcdf455b94993818ad849e42cf41) Importer(815301076,1909f56bfc062723c751e8b465ee728b)
Start importing Assets/Scripts/nh_network.cs using Guid(4d88fcdf455b94993818ad849e42cf41) Importer(815301076,1909f56bfc062723c751e8b465ee728b)  -> (artifact id: '2bd0b1fcdf51b3fa2932bb91526c0d84') in 0.334215 seconds
  Import took 0.337620 seconds .

